{
  "stats": {
    "suites": 15,
    "tests": 49,
    "passes": 30,
    "pending": 0,
    "failures": 19,
    "start": "2022-09-10T03:52:15.799Z",
    "end": "2022-09-10T03:55:38.709Z",
    "duration": 202910,
    "testsRegistered": 49,
    "passPercent": 61.224489795918366,
    "pendingPercent": 0,
    "other": 0,
    "hasOther": false,
    "skipped": 0,
    "hasSkipped": false
  },
  "results": [
    {
      "uuid": "07ac6c29-cac6-4635-a51f-5cd616c9738a",
      "title": "",
      "fullFile": "cypress/integration/project.spec.js",
      "file": "cypress/integration/project.spec.js",
      "beforeHooks": [],
      "afterHooks": [],
      "tests": [],
      "suites": [
        {
          "uuid": "b985ac83-bbce-4745-9f79-6d4bffc7d69d",
          "title": "1 - Adicione à página o título \"Paleta de Cores\"",
          "fullFile": "",
          "file": "",
          "beforeHooks": [],
          "afterHooks": [],
          "tests": [
            {
              "title": "Verifica se contém um elemento `h1` com o id `title` com o título correto",
              "fullTitle": "1 - Adicione à página o título \"Paleta de Cores\" Verifica se contém um elemento `h1` com o id `title` com o título correto",
              "timedOut": null,
              "duration": 1780,
              "state": "passed",
              "speed": "slow",
              "pass": true,
              "fail": false,
              "pending": false,
              "context": null,
              "code": "cy.get('h1#title').should('contain.text', 'Paleta de Cores');",
              "err": {},
              "uuid": "b9af1895-0d55-4605-8ac1-121222fc859e",
              "parentUUID": "b985ac83-bbce-4745-9f79-6d4bffc7d69d",
              "isHook": false,
              "skipped": false
            }
          ],
          "suites": [],
          "passes": [
            "b9af1895-0d55-4605-8ac1-121222fc859e"
          ],
          "failures": [],
          "pending": [],
          "skipped": [],
          "duration": 1780,
          "root": false,
          "rootEmpty": false,
          "_timeout": 2000
        },
        {
          "uuid": "57eb87dc-8015-4c72-92c4-1aacfd45d06c",
          "title": "2 - Adicione à página uma paleta contendo quatro cores distintas",
          "fullFile": "",
          "file": "",
          "beforeHooks": [],
          "afterHooks": [],
          "tests": [
            {
              "title": "A paleta de cores deve ser um elemento com `id` denominado `color-palette` e ter mais de 0px de altura e de largura.",
              "fullTitle": "2 - Adicione à página uma paleta contendo quatro cores distintas A paleta de cores deve ser um elemento com `id` denominado `color-palette` e ter mais de 0px de altura e de largura.",
              "timedOut": null,
              "duration": 1047,
              "state": "passed",
              "speed": "slow",
              "pass": true,
              "fail": false,
              "pending": false,
              "context": null,
              "code": "cy.get('#color-palette').should('be.visible');\ncy.get('#color-palette').children('.color');",
              "err": {},
              "uuid": "662d910b-511a-4989-9554-90becb957110",
              "parentUUID": "57eb87dc-8015-4c72-92c4-1aacfd45d06c",
              "isHook": false,
              "skipped": false
            },
            {
              "title": "Verifica se cada cor individual da paleta de cores possui a `classe` chamada `color`.",
              "fullTitle": "2 - Adicione à página uma paleta contendo quatro cores distintas Verifica se cada cor individual da paleta de cores possui a `classe` chamada `color`.",
              "timedOut": null,
              "duration": 1418,
              "state": "passed",
              "speed": "slow",
              "pass": true,
              "fail": false,
              "pending": false,
              "context": null,
              "code": "cy.get('.color').should('have.length', 4).then(function (colors) {\n  for (var i = 0; i < colors.length; i++) {\n    cy.wrap(colors[i]).should('be.visible');\n  }\n});",
              "err": {},
              "uuid": "1d247c47-ef97-4f77-afd2-52efdbc0ff8e",
              "parentUUID": "57eb87dc-8015-4c72-92c4-1aacfd45d06c",
              "isHook": false,
              "skipped": false
            },
            {
              "title": "Verifica se a cor de fundo de cada elemento da paleta é a cor que o elemento representa. **A única cor não permitida na paleta é a cor branca.**",
              "fullTitle": "2 - Adicione à página uma paleta contendo quatro cores distintas Verifica se a cor de fundo de cada elemento da paleta é a cor que o elemento representa. **A única cor não permitida na paleta é a cor branca.**",
              "timedOut": null,
              "duration": 1255,
              "state": "passed",
              "speed": "slow",
              "pass": true,
              "fail": false,
              "pending": false,
              "context": null,
              "code": "cy.get('.color').each(function (color) {\n  cy.wrap(color).should('have.class', 'color').and('not.have.css', 'background-color', WHITE);\n  cy.wrap(color).should('have.css', 'background-color');\n});",
              "err": {},
              "uuid": "208ab7e0-865e-4ead-84b1-e9673fdcbf52",
              "parentUUID": "57eb87dc-8015-4c72-92c4-1aacfd45d06c",
              "isHook": false,
              "skipped": false
            },
            {
              "title": "Verifica se cada elemento da paleta de cores tem uma borda preta, sólida e com 1 pixel de largura;",
              "fullTitle": "2 - Adicione à página uma paleta contendo quatro cores distintas Verifica se cada elemento da paleta de cores tem uma borda preta, sólida e com 1 pixel de largura;",
              "timedOut": null,
              "duration": 5705,
              "state": "failed",
              "speed": null,
              "pass": false,
              "fail": true,
              "pending": false,
              "context": null,
              "code": "cy.get('.color').each(function (color) {\n  cy.wrap(color).and('have.css', 'border', \"1px solid \".concat(BLACK)).and('have.class', 'color');\n});",
              "err": {
                "message": "CypressError: Timed out retrying: expected '<div#palette1.color.selected>' to have CSS property 'border' with the value '1px solid rgb(0, 0, 0)', but the value was '3px solid rgb(255, 0, 0)'",
                "estack": "CypressError: Timed out retrying: expected '<div#palette1.color.selected>' to have CSS property 'border' with the value '1px solid rgb(0, 0, 0)', but the value was '3px solid rgb(255, 0, 0)'\n    at cypressErr (http://localhost:42761/__cypress/runner/cypress_runner.js:149934:9)\n    at throwErr (http://localhost:42761/__cypress/runner/cypress_runner.js:149867:11)\n    at Object.throwErrByPath (http://localhost:42761/__cypress/runner/cypress_runner.js:149915:3)\n    at retry (http://localhost:42761/__cypress/runner/cypress_runner.js:144197:19)\n    at onFailFn (http://localhost:42761/__cypress/runner/cypress_runner.js:132448:16)\n    at tryCatcher (http://localhost:42761/__cypress/runner/cypress_runner.js:167415:23)\n    at Promise._settlePromiseFromHandler (http://localhost:42761/__cypress/runner/cypress_runner.js:165351:31)\n    at Promise._settlePromise (http://localhost:42761/__cypress/runner/cypress_runner.js:165408:18)\n    at Promise._settlePromise0 (http://localhost:42761/__cypress/runner/cypress_runner.js:165453:10)\n    at Promise._settlePromises (http://localhost:42761/__cypress/runner/cypress_runner.js:165528:18)\n    at Async../node_modules/bluebird/js/release/async.js.Async._drainQueue (http://localhost:42761/__cypress/runner/cypress_runner.js:162140:16)\n    at Async../node_modules/bluebird/js/release/async.js.Async._drainQueues (http://localhost:42761/__cypress/runner/cypress_runner.js:162150:10)\n    at Async.drainQueues (http://localhost:42761/__cypress/runner/cypress_runner.js:162024:14)",
                "diff": null
              },
              "uuid": "bd49ea08-c876-48c5-a31b-88e191ff8557",
              "parentUUID": "57eb87dc-8015-4c72-92c4-1aacfd45d06c",
              "isHook": false,
              "skipped": false
            },
            {
              "title": "Verifica se a paleta lista todas as cores disponíveis para utilização, lado a lado.",
              "fullTitle": "2 - Adicione à página uma paleta contendo quatro cores distintas Verifica se a paleta lista todas as cores disponíveis para utilização, lado a lado.",
              "timedOut": null,
              "duration": 2709,
              "state": "passed",
              "speed": "slow",
              "pass": true,
              "fail": false,
              "pending": false,
              "context": null,
              "code": "cy.get('.color').then(function (colors) {\n  for (var index = 1; index < colors.length; index += 1) {\n    var currentColor = colors[index];\n    var previousColor = colors[index - 1];\n    cy.wrap(currentColor).should('be.onTheRightOf', previousColor).and('be.horizontallyAlignedWith', previousColor);\n  }\n});",
              "err": {},
              "uuid": "1fddbcc9-7656-4bbd-91e0-9d8d7b7a0230",
              "parentUUID": "57eb87dc-8015-4c72-92c4-1aacfd45d06c",
              "isHook": false,
              "skipped": false
            },
            {
              "title": "Verifica se a paleta de cores está posicionada abaixo do título 'Paleta de Cores'",
              "fullTitle": "2 - Adicione à página uma paleta contendo quatro cores distintas Verifica se a paleta de cores está posicionada abaixo do título 'Paleta de Cores'",
              "timedOut": null,
              "duration": 538,
              "state": "passed",
              "speed": "slow",
              "pass": true,
              "fail": false,
              "pending": false,
              "context": null,
              "code": "cy.get('h1#title').then(function (title) {\n  cy.get('#color-palette').should('be.belowOf', title);\n});",
              "err": {},
              "uuid": "2c8788ab-b371-47c9-a7ac-ee94f93f946f",
              "parentUUID": "57eb87dc-8015-4c72-92c4-1aacfd45d06c",
              "isHook": false,
              "skipped": false
            },
            {
              "title": "Verifica se a paleta de cores não contém cores repetidas.",
              "fullTitle": "2 - Adicione à página uma paleta contendo quatro cores distintas Verifica se a paleta de cores não contém cores repetidas.",
              "timedOut": null,
              "duration": 724,
              "state": "passed",
              "speed": "slow",
              "pass": true,
              "fail": false,
              "pending": false,
              "context": null,
              "code": "cy.get('.color').then(function (colors) {\n  var allColors = Array.from(colors).map(function (color) {\n    return Cypress.$(color).css('background-color');\n  });\n  cy.log(allColors);\n  var uniqColors = (0, _toConsumableArray2[\"default\"])(new Set(allColors));\n  cy.log(uniqColors);\n  expect(allColors.length).to.eq(uniqColors.length);\n});",
              "err": {},
              "uuid": "9316b09a-9032-408d-a01a-bc2140182766",
              "parentUUID": "57eb87dc-8015-4c72-92c4-1aacfd45d06c",
              "isHook": false,
              "skipped": false
            }
          ],
          "suites": [],
          "passes": [
            "662d910b-511a-4989-9554-90becb957110",
            "1d247c47-ef97-4f77-afd2-52efdbc0ff8e",
            "208ab7e0-865e-4ead-84b1-e9673fdcbf52",
            "1fddbcc9-7656-4bbd-91e0-9d8d7b7a0230",
            "2c8788ab-b371-47c9-a7ac-ee94f93f946f",
            "9316b09a-9032-408d-a01a-bc2140182766"
          ],
          "failures": [
            "bd49ea08-c876-48c5-a31b-88e191ff8557"
          ],
          "pending": [],
          "skipped": [],
          "duration": 13396,
          "root": false,
          "rootEmpty": false,
          "_timeout": 2000
        },
        {
          "uuid": "d44b48a8-f0c2-4839-9a1c-6de7b7d7577c",
          "title": "3 - Adicione a cor **preta** como a primeira cor da paleta de cores",
          "fullFile": "",
          "file": "",
          "beforeHooks": [],
          "afterHooks": [],
          "tests": [
            {
              "title": "Verifica se a primeira cor da paleta é preta",
              "fullTitle": "3 - Adicione a cor **preta** como a primeira cor da paleta de cores Verifica se a primeira cor da paleta é preta",
              "timedOut": null,
              "duration": 886,
              "state": "passed",
              "speed": "slow",
              "pass": true,
              "fail": false,
              "pending": false,
              "context": null,
              "code": "cy.get('.color').first().should('have.css', 'background-color', BLACK);",
              "err": {},
              "uuid": "8017e7b2-d9da-4c35-98f8-397901d164a2",
              "parentUUID": "d44b48a8-f0c2-4839-9a1c-6de7b7d7577c",
              "isHook": false,
              "skipped": false
            },
            {
              "title": "Verifica se as demais cores podem ser escolhidas livremente.",
              "fullTitle": "3 - Adicione a cor **preta** como a primeira cor da paleta de cores Verifica se as demais cores podem ser escolhidas livremente.",
              "timedOut": null,
              "duration": 1299,
              "state": "passed",
              "speed": "slow",
              "pass": true,
              "fail": false,
              "pending": false,
              "context": null,
              "code": "cy.get('.color').eq(1).should('not.have.css', 'background-color', BLACK);\ncy.get('.color').eq(1).should('not.have.css', 'background-color', WHITE);\ncy.get('.color').eq(1).should('not.have.css', 'background-color', 'rgba(0, 0, 0, 0)');\ncy.get('.color').eq(1).should('have.css', 'background-color');\ncy.get('.color').eq(2).should('not.have.css', 'background-color', BLACK);\ncy.get('.color').eq(2).should('not.have.css', 'background-color', WHITE);\ncy.get('.color').eq(2).should('not.have.css', 'background-color', 'rgba(0, 0, 0, 0)');\ncy.get('.color').eq(2).should('have.css', 'background-color');\ncy.get('.color').eq(3).should('not.have.css', 'background-color', BLACK);\ncy.get('.color').eq(3).should('not.have.css', 'background-color', WHITE);\ncy.get('.color').eq(3).should('not.have.css', 'background-color', 'rgba(0, 0, 0, 0)');\ncy.get('.color').eq(3).should('have.css', 'background-color');",
              "err": {},
              "uuid": "6fcf8f6d-9abb-4852-8384-2c4597b9a4af",
              "parentUUID": "d44b48a8-f0c2-4839-9a1c-6de7b7d7577c",
              "isHook": false,
              "skipped": false
            }
          ],
          "suites": [],
          "passes": [
            "8017e7b2-d9da-4c35-98f8-397901d164a2",
            "6fcf8f6d-9abb-4852-8384-2c4597b9a4af"
          ],
          "failures": [],
          "pending": [],
          "skipped": [],
          "duration": 2185,
          "root": false,
          "rootEmpty": false,
          "_timeout": 2000
        },
        {
          "uuid": "841c288d-76a2-4800-9f2a-99cf5a54c476",
          "title": "4 - Adicione um botão para gerar cores aleatórias para a paleta de cores",
          "fullFile": "",
          "file": "",
          "beforeHooks": [],
          "afterHooks": [],
          "tests": [
            {
              "title": "O botão deve possuir o `id` denominado `button-random-color`",
              "fullTitle": "4 - Adicione um botão para gerar cores aleatórias para a paleta de cores O botão deve possuir o `id` denominado `button-random-color`",
              "timedOut": null,
              "duration": 670,
              "state": "passed",
              "speed": "slow",
              "pass": true,
              "fail": false,
              "pending": false,
              "context": null,
              "code": "cy.get('#button-random-color').should('be.visible');",
              "err": {},
              "uuid": "79b07fd4-89fd-49bd-87c0-a1494f5a342a",
              "parentUUID": "841c288d-76a2-4800-9f2a-99cf5a54c476",
              "isHook": false,
              "skipped": false
            },
            {
              "title": "O botão deve possuir o texto `Cores aleatórias`",
              "fullTitle": "4 - Adicione um botão para gerar cores aleatórias para a paleta de cores O botão deve possuir o texto `Cores aleatórias`",
              "timedOut": null,
              "duration": 800,
              "state": "passed",
              "speed": "slow",
              "pass": true,
              "fail": false,
              "pending": false,
              "context": null,
              "code": "cy.get('#button-random-color').contains('Cores aleatórias');",
              "err": {},
              "uuid": "271f5cba-2643-4bc1-936c-6add3bd05dca",
              "parentUUID": "841c288d-76a2-4800-9f2a-99cf5a54c476",
              "isHook": false,
              "skipped": false
            },
            {
              "title": "As cores geradas na paleta são diferentes a cada click do botão.",
              "fullTitle": "4 - Adicione um botão para gerar cores aleatórias para a paleta de cores As cores geradas na paleta são diferentes a cada click do botão.",
              "timedOut": null,
              "duration": 1592,
              "state": "passed",
              "speed": "slow",
              "pass": true,
              "fail": false,
              "pending": false,
              "context": null,
              "code": "cy.get('.color').then(function (colors) {\n  var currentColors;\n  var previousColors;\n  previousColors = Array.from(colors).map(function (color) {\n    return Cypress.$(color).css('background-color');\n  });\n  for (var i = 0; i < 5; i += 1) {\n    cy.get('#button-random-color').click();\n    cy.get('.color').then(function (colors) {\n      currentColors = Array.from(colors).map(function (color) {\n        return Cypress.$(color).css('background-color');\n      });\n      expect(currentColors).not.to.deep.equal(previousColors);\n      previousColors = currentColors;\n    });\n  }\n});",
              "err": {},
              "uuid": "c6d1648a-5bfe-4869-b9da-718eb6fa7fa7",
              "parentUUID": "841c288d-76a2-4800-9f2a-99cf5a54c476",
              "isHook": false,
              "skipped": false
            },
            {
              "title": "A cor preta deve ser a primeira na sua paleta de cores",
              "fullTitle": "4 - Adicione um botão para gerar cores aleatórias para a paleta de cores A cor preta deve ser a primeira na sua paleta de cores",
              "timedOut": null,
              "duration": 1539,
              "state": "passed",
              "speed": "slow",
              "pass": true,
              "fail": false,
              "pending": false,
              "context": null,
              "code": "cy.get('.color').then(function (colors) {\n  var currentColors;\n  var previousColors;\n  previousColors = Array.from(colors).map(function (color) {\n    return Cypress.$(color).css('background-color');\n  });\n  expect(previousColors[0]).to.eq(BLACK);\n  for (var i = 0; i < 5; i += 1) {\n    cy.get('#button-random-color').click();\n    cy.get('.color').then(function (colors) {\n      currentColors = Array.from(colors).map(function (color) {\n        return Cypress.$(color).css('background-color');\n      });\n      expect(currentColors[0]).to.eq(BLACK);\n      expect(currentColors).not.to.deep.equal(previousColors);\n      previousColors = currentColors;\n    });\n  }\n});",
              "err": {},
              "uuid": "8c5380d5-f420-4c72-a9a7-857f7c149fb9",
              "parentUUID": "841c288d-76a2-4800-9f2a-99cf5a54c476",
              "isHook": false,
              "skipped": false
            }
          ],
          "suites": [],
          "passes": [
            "79b07fd4-89fd-49bd-87c0-a1494f5a342a",
            "271f5cba-2643-4bc1-936c-6add3bd05dca",
            "c6d1648a-5bfe-4869-b9da-718eb6fa7fa7",
            "8c5380d5-f420-4c72-a9a7-857f7c149fb9"
          ],
          "failures": [],
          "pending": [],
          "skipped": [],
          "duration": 4601,
          "root": false,
          "rootEmpty": false,
          "_timeout": 2000
        },
        {
          "uuid": "aefc5fde-e2eb-438d-9974-c2e68b8e3f08",
          "title": "5 - Implemente uma função usando localStorage para que a paleta de cores gerada aleatoriamente seja mantida após recarregar a página",
          "fullFile": "",
          "file": "",
          "beforeHooks": [],
          "afterHooks": [],
          "tests": [
            {
              "title": "A paleta gerada deve ser salva no localStorage com a chave `colorPalette`",
              "fullTitle": "5 - Implemente uma função usando localStorage para que a paleta de cores gerada aleatoriamente seja mantida após recarregar a página A paleta gerada deve ser salva no localStorage com a chave `colorPalette`",
              "timedOut": null,
              "duration": 1039,
              "state": "passed",
              "speed": "slow",
              "pass": true,
              "fail": false,
              "pending": false,
              "context": null,
              "code": "cy.get('#button-random-color').click().should(function () {\n  expect(localStorage.getItem('colorPalette')).to.not.equal(null);\n});",
              "err": {},
              "uuid": "1cd0c7ad-46d4-4d3e-ac2a-99d2858b149d",
              "parentUUID": "aefc5fde-e2eb-438d-9974-c2e68b8e3f08",
              "isHook": false,
              "skipped": false
            },
            {
              "title": "A paleta gerada deve ser mantida ao recarregar a página",
              "fullTitle": "5 - Implemente uma função usando localStorage para que a paleta de cores gerada aleatoriamente seja mantida após recarregar a página A paleta gerada deve ser mantida ao recarregar a página",
              "timedOut": null,
              "duration": 1000,
              "state": "passed",
              "speed": "slow",
              "pass": true,
              "fail": false,
              "pending": false,
              "context": null,
              "code": "cy.get('#button-random-color').click();\ncy.get('.color').then(function (colors) {\n  var currentColors;\n  var previousColors;\n  previousColors = Array.from(colors).map(function (color) {\n    return Cypress.$(color).css('background-color');\n  });\n  cy.reload();\n  cy.get('.color').then(function (colorsAfter) {\n    currentColors = Array.from(colorsAfter).map(function (colorAfter) {\n      return Cypress.$(colorAfter).css('background-color');\n    });\n    expect(currentColors).to.deep.equal(previousColors);\n  });\n});",
              "err": {},
              "uuid": "da1086a8-6523-42a3-96e9-9f6f4d575a87",
              "parentUUID": "aefc5fde-e2eb-438d-9974-c2e68b8e3f08",
              "isHook": false,
              "skipped": false
            }
          ],
          "suites": [],
          "passes": [
            "1cd0c7ad-46d4-4d3e-ac2a-99d2858b149d",
            "da1086a8-6523-42a3-96e9-9f6f4d575a87"
          ],
          "failures": [],
          "pending": [],
          "skipped": [],
          "duration": 2039,
          "root": false,
          "rootEmpty": false,
          "_timeout": 2000
        },
        {
          "uuid": "733225cc-26ba-4939-b466-951c591459e2",
          "title": "6 - Adicione à página um quadro contendo 25 pixels",
          "fullFile": "",
          "file": "",
          "beforeHooks": [],
          "afterHooks": [],
          "tests": [
            {
              "title": "Verifica se o quadro de pixels possui o `id` denominado `pixel-board`",
              "fullTitle": "6 - Adicione à página um quadro contendo 25 pixels Verifica se o quadro de pixels possui o `id` denominado `pixel-board`",
              "timedOut": null,
              "duration": 757,
              "state": "passed",
              "speed": "slow",
              "pass": true,
              "fail": false,
              "pending": false,
              "context": null,
              "code": "cy.get('#pixel-board').should('be.visible');",
              "err": {},
              "uuid": "3b0dd70d-d3ed-4ea0-8df9-86084f4c0e52",
              "parentUUID": "733225cc-26ba-4939-b466-951c591459e2",
              "isHook": false,
              "skipped": false
            },
            {
              "title": "Verifica se cada pixel individual dentro do quadro possui a `classe` denominada `pixel`.",
              "fullTitle": "6 - Adicione à página um quadro contendo 25 pixels Verifica se cada pixel individual dentro do quadro possui a `classe` denominada `pixel`.",
              "timedOut": null,
              "duration": 905,
              "state": "passed",
              "speed": "slow",
              "pass": true,
              "fail": false,
              "pending": false,
              "context": null,
              "code": "cy.get('.pixel').should('have.length', 25);",
              "err": {},
              "uuid": "a896566c-0040-4eb6-8a43-f695dda74a77",
              "parentUUID": "733225cc-26ba-4939-b466-951c591459e2",
              "isHook": false,
              "skipped": false
            },
            {
              "title": "Verifica se a cor inicial dos pixels dentro do quadro, ao abrir a página, é branca.",
              "fullTitle": "6 - Adicione à página um quadro contendo 25 pixels Verifica se a cor inicial dos pixels dentro do quadro, ao abrir a página, é branca.",
              "timedOut": null,
              "duration": 991,
              "state": "passed",
              "speed": "slow",
              "pass": true,
              "fail": false,
              "pending": false,
              "context": null,
              "code": "cy.get('.pixel').should('have.length', 25).each(function (pixel) {\n  expect(pixel).to.have.css('background-color', WHITE);\n});",
              "err": {},
              "uuid": "e9b5fb03-2c32-4ed0-bc97-338c34ea7e98",
              "parentUUID": "733225cc-26ba-4939-b466-951c591459e2",
              "isHook": false,
              "skipped": false
            },
            {
              "title": "Verifica se o quadro de pixels aparece abaixo da paleta de cores",
              "fullTitle": "6 - Adicione à página um quadro contendo 25 pixels Verifica se o quadro de pixels aparece abaixo da paleta de cores",
              "timedOut": null,
              "duration": 788,
              "state": "passed",
              "speed": "slow",
              "pass": true,
              "fail": false,
              "pending": false,
              "context": null,
              "code": "cy.get('#color-palette').then(function (palette) {\n  cy.get('#pixel-board').should('be.belowOf', palette);\n});",
              "err": {},
              "uuid": "d6b6a3b5-8337-4f7b-938d-d5ca4ba92339",
              "parentUUID": "733225cc-26ba-4939-b466-951c591459e2",
              "isHook": false,
              "skipped": false
            }
          ],
          "suites": [],
          "passes": [
            "3b0dd70d-d3ed-4ea0-8df9-86084f4c0e52",
            "a896566c-0040-4eb6-8a43-f695dda74a77",
            "e9b5fb03-2c32-4ed0-bc97-338c34ea7e98",
            "d6b6a3b5-8337-4f7b-938d-d5ca4ba92339"
          ],
          "failures": [],
          "pending": [],
          "skipped": [],
          "duration": 3441,
          "root": false,
          "rootEmpty": false,
          "_timeout": 2000
        },
        {
          "uuid": "db71207e-d786-4b42-90ab-7438769d18d6",
          "title": "7 - Faça com que cada elemento do quadro de pixels possua 40 pixels de largura, 40 pixels de altura e seja delimitado por uma borda preta de 1 pixel",
          "fullFile": "",
          "file": "",
          "beforeHooks": [],
          "afterHooks": [],
          "tests": [
            {
              "title": "Verifica se o quadro de pixels tem altura e comprimento de 5 elementos",
              "fullTitle": "7 - Faça com que cada elemento do quadro de pixels possua 40 pixels de largura, 40 pixels de altura e seja delimitado por uma borda preta de 1 pixel Verifica se o quadro de pixels tem altura e comprimento de 5 elementos",
              "timedOut": null,
              "duration": 1685,
              "state": "passed",
              "speed": "slow",
              "pass": true,
              "fail": false,
              "pending": false,
              "context": null,
              "code": "cy.get('.pixel').should('have.length', 25).each(function (pixel) {\n  expect(pixel).to.have.css('background-color', WHITE);\n}).and(function (pixels) {\n  var rows = chunk(pixels, 5);\n  rows.forEach(function (row) {\n    for (var index = 1; index < row.length; index += 1) {\n      var current = pixels[index];\n      var previous = pixels[index - 1];\n      cy.wrap(current).should('be.onTheRightOf', previous).and('be.horizontallyAlignedWith', previous);\n    }\n  });\n  for (var index = 1; index < 5; index += 1) {\n    expect(pixels[index * 5]).to.be.belowOf(pixels[(index - 1) * 5]);\n  }\n});",
              "err": {},
              "uuid": "2681f147-e2f6-432e-a818-3e3e5898c175",
              "parentUUID": "db71207e-d786-4b42-90ab-7438769d18d6",
              "isHook": false,
              "skipped": false
            },
            {
              "title": "Verifica se 40 pixels é o tamanho total do elemento, incluindo seu conteúdo e excluindo a borda preta, que deve ser criada à parte.",
              "fullTitle": "7 - Faça com que cada elemento do quadro de pixels possua 40 pixels de largura, 40 pixels de altura e seja delimitado por uma borda preta de 1 pixel Verifica se 40 pixels é o tamanho total do elemento, incluindo seu conteúdo e excluindo a borda preta, que deve ser criada à parte.",
              "timedOut": null,
              "duration": 1648,
              "state": "passed",
              "speed": "slow",
              "pass": true,
              "fail": false,
              "pending": false,
              "context": null,
              "code": "cy.get('.pixel').each(function (pixel) {\n  cy.wrap(pixel).should('have.css', 'height', '40px').and('have.css', 'width', '40px').and('have.css', 'border', \"1px solid \".concat(BLACK));\n});",
              "err": {},
              "uuid": "1b23f149-6423-4169-a99d-9974c2b2f45e",
              "parentUUID": "db71207e-d786-4b42-90ab-7438769d18d6",
              "isHook": false,
              "skipped": false
            }
          ],
          "suites": [],
          "passes": [
            "2681f147-e2f6-432e-a818-3e3e5898c175",
            "1b23f149-6423-4169-a99d-9974c2b2f45e"
          ],
          "failures": [],
          "pending": [],
          "skipped": [],
          "duration": 3333,
          "root": false,
          "rootEmpty": false,
          "_timeout": 2000
        },
        {
          "uuid": "fd59b1ee-e809-4eeb-a468-c8420b4aa7e4",
          "title": "8 - Defina a cor preta como cor inicial da paleta de cores. Ao carregar a página a cor preta já deve estar selecionada para pintar os pixels",
          "fullFile": "",
          "file": "",
          "beforeHooks": [],
          "afterHooks": [],
          "tests": [
            {
              "title": "Verifica se o elemento da cor preta possui, inicialmente, a `classe` `selected`",
              "fullTitle": "8 - Defina a cor preta como cor inicial da paleta de cores. Ao carregar a página a cor preta já deve estar selecionada para pintar os pixels Verifica se o elemento da cor preta possui, inicialmente, a `classe` `selected`",
              "timedOut": null,
              "duration": 1005,
              "state": "passed",
              "speed": "slow",
              "pass": true,
              "fail": false,
              "pending": false,
              "context": null,
              "code": "cy.get('.selected').first().should('have.css', 'background-color', BLACK);",
              "err": {},
              "uuid": "1b80ef7f-aa81-4662-9637-27e95c8f85e5",
              "parentUUID": "fd59b1ee-e809-4eeb-a468-c8420b4aa7e4",
              "isHook": false,
              "skipped": false
            },
            {
              "title": "Verifica se nenhuma outra cor da paleta tem a `classe` `selected`",
              "fullTitle": "8 - Defina a cor preta como cor inicial da paleta de cores. Ao carregar a página a cor preta já deve estar selecionada para pintar os pixels Verifica se nenhuma outra cor da paleta tem a `classe` `selected`",
              "timedOut": null,
              "duration": 1041,
              "state": "passed",
              "speed": "slow",
              "pass": true,
              "fail": false,
              "pending": false,
              "context": null,
              "code": "cy.get('.color:not(:first-child)').each(function (color) {\n  cy.wrap(color).should('not.have.class', 'selected');\n});",
              "err": {},
              "uuid": "b27af9be-acb4-4e23-ad73-46151f423070",
              "parentUUID": "fd59b1ee-e809-4eeb-a468-c8420b4aa7e4",
              "isHook": false,
              "skipped": false
            }
          ],
          "suites": [],
          "passes": [
            "1b80ef7f-aa81-4662-9637-27e95c8f85e5",
            "b27af9be-acb4-4e23-ad73-46151f423070"
          ],
          "failures": [],
          "pending": [],
          "skipped": [],
          "duration": 2046,
          "root": false,
          "rootEmpty": false,
          "_timeout": 2000
        },
        {
          "uuid": "496da650-1093-44cd-af4f-bd31338c3f24",
          "title": "9 - Crie uma função para selecionar uma cor na paleta de cores e preencher os pixels no quadro",
          "fullFile": "",
          "file": "",
          "beforeHooks": [],
          "afterHooks": [],
          "tests": [
            {
              "title": "Verifica se somente uma cor da paleta de cores tem a classe `selected` de cada vez",
              "fullTitle": "9 - Crie uma função para selecionar uma cor na paleta de cores e preencher os pixels no quadro Verifica se somente uma cor da paleta de cores tem a classe `selected` de cada vez",
              "timedOut": null,
              "duration": 1583,
              "state": "passed",
              "speed": "slow",
              "pass": true,
              "fail": false,
              "pending": false,
              "context": null,
              "code": "cy.get('.color').each(function (selectedColor, selectedColorIndex) {\n  cy.wrap(selectedColor).click();\n  cy.get('.color').each(function (color, colorIndex) {\n    if (colorIndex === selectedColorIndex) {\n      expect(color).to.have[\"class\"]('selected');\n    } else {\n      expect(color).not.to.have[\"class\"]('selected');\n    }\n  });\n});",
              "err": {},
              "uuid": "c071cc7b-30fa-4967-8627-55d355a11e6c",
              "parentUUID": "496da650-1093-44cd-af4f-bd31338c3f24",
              "isHook": false,
              "skipped": false
            },
            {
              "title": "Verifica se os pixels dentro do quadro não têm a classe `selected` quando são clicados",
              "fullTitle": "9 - Crie uma função para selecionar uma cor na paleta de cores e preencher os pixels no quadro Verifica se os pixels dentro do quadro não têm a classe `selected` quando são clicados",
              "timedOut": null,
              "duration": 15398,
              "state": "passed",
              "speed": "slow",
              "pass": true,
              "fail": false,
              "pending": false,
              "context": null,
              "code": "cy.get('.color').each(function (color) {\n  var backgroundColor = color.css('background-color');\n  cy.wrap(color).click();\n  cy.get('.pixel').each(function (pixel) {\n    cy.wrap(pixel).click().should('not.have.class', 'selected');\n  });\n});",
              "err": {},
              "uuid": "491207da-ba53-48a5-a289-b83bea5a5aca",
              "parentUUID": "496da650-1093-44cd-af4f-bd31338c3f24",
              "isHook": false,
              "skipped": false
            }
          ],
          "suites": [],
          "passes": [
            "c071cc7b-30fa-4967-8627-55d355a11e6c",
            "491207da-ba53-48a5-a289-b83bea5a5aca"
          ],
          "failures": [],
          "pending": [],
          "skipped": [],
          "duration": 16981,
          "root": false,
          "rootEmpty": false,
          "_timeout": 2000
        },
        {
          "uuid": "dbeaf095-0f8c-4a8e-887e-94a4c4285295",
          "title": "10 - Crie uma função que permita preencher um pixel do quadro com a cor selecionada na paleta de cores",
          "fullFile": "",
          "file": "",
          "beforeHooks": [],
          "afterHooks": [],
          "tests": [
            {
              "title": "Verifica se ao carregar a página deve ser possível pintar os pixels de preto",
              "fullTitle": "10 - Crie uma função que permita preencher um pixel do quadro com a cor selecionada na paleta de cores Verifica se ao carregar a página deve ser possível pintar os pixels de preto",
              "timedOut": null,
              "duration": 3974,
              "state": "passed",
              "speed": "slow",
              "pass": true,
              "fail": false,
              "pending": false,
              "context": null,
              "code": "cy.get('.pixel').each(function (pixel) {\n  cy.wrap(pixel).click().should('have.css', 'background-color', BLACK);\n});",
              "err": {},
              "uuid": "fc135fdf-8d56-4801-840f-9611f65af099",
              "parentUUID": "dbeaf095-0f8c-4a8e-887e-94a4c4285295",
              "isHook": false,
              "skipped": false
            },
            {
              "title": "Verifica se após selecionar uma outra cor na paleta, é possível pintar os pixels com essa cor",
              "fullTitle": "10 - Crie uma função que permita preencher um pixel do quadro com a cor selecionada na paleta de cores Verifica se após selecionar uma outra cor na paleta, é possível pintar os pixels com essa cor",
              "timedOut": null,
              "duration": 8568,
              "state": "failed",
              "speed": null,
              "pass": false,
              "fail": true,
              "pending": false,
              "context": null,
              "code": "cy.get('.color').each(function (color) {\n  var backgroundColor = color.css('background-color');\n  cy.wrap(color).click();\n  cy.get('.pixel').each(function (pixel) {\n    cy.wrap(pixel).click().should('have.css', 'background-color', backgroundColor);\n  });\n});",
              "err": {
                "message": "CypressError: Timed out retrying: expected '<div#slot1.pixel>' to have CSS property 'background-color' with the value 'rgb(0, 128, 0)', but the value was 'rgb(255, 255, 255)'",
                "estack": "CypressError: Timed out retrying: expected '<div#slot1.pixel>' to have CSS property 'background-color' with the value 'rgb(0, 128, 0)', but the value was 'rgb(255, 255, 255)'\n    at cypressErr (http://localhost:42761/__cypress/runner/cypress_runner.js:149934:9)\n    at throwErr (http://localhost:42761/__cypress/runner/cypress_runner.js:149867:11)\n    at Object.throwErrByPath (http://localhost:42761/__cypress/runner/cypress_runner.js:149915:3)\n    at retry (http://localhost:42761/__cypress/runner/cypress_runner.js:144197:19)\n    at onFailFn (http://localhost:42761/__cypress/runner/cypress_runner.js:132448:16)\n    at tryCatcher (http://localhost:42761/__cypress/runner/cypress_runner.js:167415:23)\n    at Promise._settlePromiseFromHandler (http://localhost:42761/__cypress/runner/cypress_runner.js:165351:31)\n    at Promise._settlePromise (http://localhost:42761/__cypress/runner/cypress_runner.js:165408:18)\n    at Promise._settlePromise0 (http://localhost:42761/__cypress/runner/cypress_runner.js:165453:10)\n    at Promise._settlePromises (http://localhost:42761/__cypress/runner/cypress_runner.js:165528:18)\n    at Async../node_modules/bluebird/js/release/async.js.Async._drainQueue (http://localhost:42761/__cypress/runner/cypress_runner.js:162140:16)\n    at Async../node_modules/bluebird/js/release/async.js.Async._drainQueues (http://localhost:42761/__cypress/runner/cypress_runner.js:162150:10)\n    at Async.drainQueues (http://localhost:42761/__cypress/runner/cypress_runner.js:162024:14)",
                "diff": null
              },
              "uuid": "c1333fc6-a698-46cc-a078-d6bcc7c1817f",
              "parentUUID": "dbeaf095-0f8c-4a8e-887e-94a4c4285295",
              "isHook": false,
              "skipped": false
            },
            {
              "title": "Verifica se somente o pixel que foi clicado foi preenchido com a cor selecionada, sem influenciar na cor dos demais pixels.",
              "fullTitle": "10 - Crie uma função que permita preencher um pixel do quadro com a cor selecionada na paleta de cores Verifica se somente o pixel que foi clicado foi preenchido com a cor selecionada, sem influenciar na cor dos demais pixels.",
              "timedOut": null,
              "duration": 30088,
              "state": "passed",
              "speed": "slow",
              "pass": true,
              "fail": false,
              "pending": false,
              "context": null,
              "code": "var colorToPixelIndexMap = {\n  0: 6,\n  1: 8,\n  2: 16,\n  3: 18\n};\ncy.get('.color').each(function (color, index) {\n  cy.wrap(color).click();\n  var backgroundColor = color.css('background-color');\n  var clickedPixelIndex = colorToPixelIndexMap[index];\n  cy.get('.pixel').eq(clickedPixelIndex).click();\n  cy.get('.pixel').eq(clickedPixelIndex - 1).should('not.have.css', 'background-color', backgroundColor);\n  cy.get('.pixel').eq(clickedPixelIndex + 1).should('not.have.css', 'background-color', backgroundColor);\n  cy.get('.pixel').eq(clickedPixelIndex - 5).should('not.have.css', 'background-color', backgroundColor);\n  cy.get('.pixel').eq(clickedPixelIndex + 5).should('not.have.css', 'background-color', backgroundColor);\n  cy.get('.pixel').eq(clickedPixelIndex - 6).should('not.have.css', 'background-color', backgroundColor);\n  cy.get('.pixel').eq(clickedPixelIndex - 4).should('not.have.css', 'background-color', backgroundColor);\n  cy.get('.pixel').eq(clickedPixelIndex + 4).should('not.have.css', 'background-color', backgroundColor);\n  cy.get('.pixel').eq(clickedPixelIndex + 6).should('not.have.css', 'background-color', backgroundColor);\n});",
              "err": {},
              "uuid": "5c4d9ff6-4c1e-4d14-a14e-55e5c0b187c6",
              "parentUUID": "dbeaf095-0f8c-4a8e-887e-94a4c4285295",
              "isHook": false,
              "skipped": false
            }
          ],
          "suites": [],
          "passes": [
            "fc135fdf-8d56-4801-840f-9611f65af099",
            "5c4d9ff6-4c1e-4d14-a14e-55e5c0b187c6"
          ],
          "failures": [
            "c1333fc6-a698-46cc-a078-d6bcc7c1817f"
          ],
          "pending": [],
          "skipped": [],
          "duration": 42630,
          "root": false,
          "rootEmpty": false,
          "_timeout": 2000
        },
        {
          "uuid": "e9ba043e-088b-4950-ba28-5665e4ea86c8",
          "title": "11 - Crie um botão que, ao ser clicado, limpa o quadro preenchendo a cor de todos seus pixels com branco",
          "fullFile": "",
          "file": "",
          "beforeHooks": [],
          "afterHooks": [],
          "tests": [
            {
              "title": "Verifica se o botão tem o `id` denominado `clear-board`",
              "fullTitle": "11 - Crie um botão que, ao ser clicado, limpa o quadro preenchendo a cor de todos seus pixels com branco Verifica se o botão tem o `id` denominado `clear-board`",
              "timedOut": null,
              "duration": 841,
              "state": "passed",
              "speed": "slow",
              "pass": true,
              "fail": false,
              "pending": false,
              "context": null,
              "code": "cy.get('#clear-board').should('be.visible');",
              "err": {},
              "uuid": "e42f718e-721f-46e0-a56f-d8dee6ef0cea",
              "parentUUID": "e9ba043e-088b-4950-ba28-5665e4ea86c8",
              "isHook": false,
              "skipped": false
            },
            {
              "title": "Verifica se o botão está posicionado entre a paleta de cores e o quadro de pixels",
              "fullTitle": "11 - Crie um botão que, ao ser clicado, limpa o quadro preenchendo a cor de todos seus pixels com branco Verifica se o botão está posicionado entre a paleta de cores e o quadro de pixels",
              "timedOut": null,
              "duration": 625,
              "state": "passed",
              "speed": "slow",
              "pass": true,
              "fail": false,
              "pending": false,
              "context": null,
              "code": "cy.get('#color-palette').then(function (palette) {\n  cy.get('#clear-board').should('be.belowOf', palette);\n});\ncy.get('#clear-board').then(function (clearBtn) {\n  cy.get('#pixel-board').should('be.belowOf', clearBtn);\n});",
              "err": {},
              "uuid": "9dddb2c2-646b-4a52-9ebc-6f6dd080b3a4",
              "parentUUID": "e9ba043e-088b-4950-ba28-5665e4ea86c8",
              "isHook": false,
              "skipped": false
            },
            {
              "title": "Verifica se o texto do botão é 'Limpar'",
              "fullTitle": "11 - Crie um botão que, ao ser clicado, limpa o quadro preenchendo a cor de todos seus pixels com branco Verifica se o texto do botão é 'Limpar'",
              "timedOut": null,
              "duration": 595,
              "state": "passed",
              "speed": "slow",
              "pass": true,
              "fail": false,
              "pending": false,
              "context": null,
              "code": "cy.get('#clear-board').should('contain.text', 'Limpar');",
              "err": {},
              "uuid": "834d298d-f1dc-40fc-9f01-dfdef60aac67",
              "parentUUID": "e9ba043e-088b-4950-ba28-5665e4ea86c8",
              "isHook": false,
              "skipped": false
            },
            {
              "title": "Verifica se ao clicar no botão, o quadro de pixels é totalmente preenchido de branco",
              "fullTitle": "11 - Crie um botão que, ao ser clicado, limpa o quadro preenchendo a cor de todos seus pixels com branco Verifica se ao clicar no botão, o quadro de pixels é totalmente preenchido de branco",
              "timedOut": null,
              "duration": 5830,
              "state": "failed",
              "speed": null,
              "pass": false,
              "fail": true,
              "pending": false,
              "context": null,
              "code": "cy.get('.color').eq(1).then(function (color) {\n  var backgroundColor = color.css('background-color');\n  cy.wrap(color).click();\n  cy.get('.pixel').each(function (pixel) {\n    cy.wrap(pixel).click().should('have.css', 'background-color', backgroundColor);\n  });\n});\ncy.get('#clear-board').click();\ncy.get('.pixel').each(function (pixel) {\n  cy.wrap(pixel).should('have.css', 'background-color', WHITE);\n});",
              "err": {
                "message": "CypressError: Timed out retrying: expected '<div#slot1.pixel>' to have CSS property 'background-color' with the value 'rgb(0, 128, 0)', but the value was 'rgb(255, 255, 255)'",
                "estack": "CypressError: Timed out retrying: expected '<div#slot1.pixel>' to have CSS property 'background-color' with the value 'rgb(0, 128, 0)', but the value was 'rgb(255, 255, 255)'\n    at cypressErr (http://localhost:42761/__cypress/runner/cypress_runner.js:149934:9)\n    at throwErr (http://localhost:42761/__cypress/runner/cypress_runner.js:149867:11)\n    at Object.throwErrByPath (http://localhost:42761/__cypress/runner/cypress_runner.js:149915:3)\n    at retry (http://localhost:42761/__cypress/runner/cypress_runner.js:144197:19)\n    at onFailFn (http://localhost:42761/__cypress/runner/cypress_runner.js:132448:16)\n    at tryCatcher (http://localhost:42761/__cypress/runner/cypress_runner.js:167415:23)\n    at Promise._settlePromiseFromHandler (http://localhost:42761/__cypress/runner/cypress_runner.js:165351:31)\n    at Promise._settlePromise (http://localhost:42761/__cypress/runner/cypress_runner.js:165408:18)\n    at Promise._settlePromise0 (http://localhost:42761/__cypress/runner/cypress_runner.js:165453:10)\n    at Promise._settlePromises (http://localhost:42761/__cypress/runner/cypress_runner.js:165528:18)\n    at Async../node_modules/bluebird/js/release/async.js.Async._drainQueue (http://localhost:42761/__cypress/runner/cypress_runner.js:162140:16)\n    at Async../node_modules/bluebird/js/release/async.js.Async._drainQueues (http://localhost:42761/__cypress/runner/cypress_runner.js:162150:10)\n    at Async.drainQueues (http://localhost:42761/__cypress/runner/cypress_runner.js:162024:14)",
                "diff": null
              },
              "uuid": "59033c0f-cbba-4299-97aa-29bacd13ba16",
              "parentUUID": "e9ba043e-088b-4950-ba28-5665e4ea86c8",
              "isHook": false,
              "skipped": false
            }
          ],
          "suites": [],
          "passes": [
            "e42f718e-721f-46e0-a56f-d8dee6ef0cea",
            "9dddb2c2-646b-4a52-9ebc-6f6dd080b3a4",
            "834d298d-f1dc-40fc-9f01-dfdef60aac67"
          ],
          "failures": [
            "59033c0f-cbba-4299-97aa-29bacd13ba16"
          ],
          "pending": [],
          "skipped": [],
          "duration": 7891,
          "root": false,
          "rootEmpty": false,
          "_timeout": 2000
        },
        {
          "uuid": "8765928b-9d70-49ae-a112-9248cb2a8f49",
          "title": "12 - Crie uma função para salvar e recuperar o seu desenho atual no localStorage",
          "fullFile": "",
          "file": "",
          "beforeHooks": [],
          "afterHooks": [],
          "tests": [
            {
              "title": "Os pixels pintados devem ser salvos no localStorage com a chave `pixelBoard`",
              "fullTitle": "12 - Crie uma função para salvar e recuperar o seu desenho atual no localStorage Os pixels pintados devem ser salvos no localStorage com a chave `pixelBoard`",
              "timedOut": null,
              "duration": 2090,
              "state": "failed",
              "speed": null,
              "pass": false,
              "fail": true,
              "pending": false,
              "context": null,
              "code": "cy.get('.pixel:first').click().then(function () {\n  var pixelboard = localStorage.getItem('pixelBoard');\n  expect(pixelboard).to.not.equal(null);\n});",
              "err": {
                "message": "AssertionError: expected null to not equal null",
                "estack": "AssertionError: expected null to not equal null\n    at getRet (http://localhost:42761/__cypress/runner/cypress_runner.js:136585:16)\n    at tryCatcher (http://localhost:42761/__cypress/runner/cypress_runner.js:167415:23)\n    at Function.Promise.attempt.Promise.try (http://localhost:42761/__cypress/runner/cypress_runner.js:164690:29)\n    at Context.thenFn (http://localhost:42761/__cypress/runner/cypress_runner.js:136599:23)\n    at Context.then (http://localhost:42761/__cypress/runner/cypress_runner.js:136971:21)\n    at Context.<anonymous> (http://localhost:42761/__cypress/runner/cypress_runner.js:148875:21)\n    at http://localhost:42761/__cypress/runner/cypress_runner.js:148351:33\n    at tryCatcher (http://localhost:42761/__cypress/runner/cypress_runner.js:167415:23)\n    at Promise._settlePromiseFromHandler (http://localhost:42761/__cypress/runner/cypress_runner.js:165351:31)\n    at Promise._settlePromise (http://localhost:42761/__cypress/runner/cypress_runner.js:165408:18)\n    at Promise._settlePromiseCtx (http://localhost:42761/__cypress/runner/cypress_runner.js:165445:10)\n    at Async../node_modules/bluebird/js/release/async.js.Async._drainQueue (http://localhost:42761/__cypress/runner/cypress_runner.js:162145:12)\n    at Async../node_modules/bluebird/js/release/async.js.Async._drainQueues (http://localhost:42761/__cypress/runner/cypress_runner.js:162150:10)\n    at Async.drainQueues (http://localhost:42761/__cypress/runner/cypress_runner.js:162024:14)",
                "diff": ""
              },
              "uuid": "74d01a34-f5b6-43d7-9636-cb44fda1e110",
              "parentUUID": "8765928b-9d70-49ae-a112-9248cb2a8f49",
              "isHook": false,
              "skipped": false
            },
            {
              "title": "O quadro deve ser preenchido com as mesmas cores utilizadas anteriormente, nas posições corretas ao recarregar a página",
              "fullTitle": "12 - Crie uma função para salvar e recuperar o seu desenho atual no localStorage O quadro deve ser preenchido com as mesmas cores utilizadas anteriormente, nas posições corretas ao recarregar a página",
              "timedOut": null,
              "duration": 7789,
              "state": "failed",
              "speed": null,
              "pass": false,
              "fail": true,
              "pending": false,
              "context": null,
              "code": "cy.get('.color').each(function (color, index) {\n  if (index === 2) {\n    cy.wrap(color).click();\n    var backgroundColor = color.css('background-color');\n    var clickedPixelsIndex = [2, 7, 10, 11, 12, 13, 14, 17, 22];\n    cy.get('.pixel').each(function (pixel, index) {\n      clickedPixelsIndex.forEach(function (pixelIndex) {\n        if (index === pixelIndex) cy.wrap(pixel).click();\n      });\n    });\n    cy.reload();\n    cy.get('.pixel').each(function (pixel, index) {\n      clickedPixelsIndex.forEach(function (pixelIndex) {\n        if (index === pixelIndex) cy.wrap(pixel).should('have.css', 'background-color', backgroundColor);\n      });\n    });\n  }\n});",
              "err": {
                "message": "CypressError: Timed out retrying: expected '<div#slot3.pixel>' to have CSS property 'background-color' with the value 'rgb(0, 0, 255)', but the value was 'rgb(255, 255, 255)'",
                "estack": "CypressError: Timed out retrying: expected '<div#slot3.pixel>' to have CSS property 'background-color' with the value 'rgb(0, 0, 255)', but the value was 'rgb(255, 255, 255)'\n    at cypressErr (http://localhost:42761/__cypress/runner/cypress_runner.js:149934:9)\n    at throwErr (http://localhost:42761/__cypress/runner/cypress_runner.js:149867:11)\n    at Object.throwErrByPath (http://localhost:42761/__cypress/runner/cypress_runner.js:149915:3)\n    at retry (http://localhost:42761/__cypress/runner/cypress_runner.js:144197:19)\n    at onFailFn (http://localhost:42761/__cypress/runner/cypress_runner.js:132448:16)\n    at tryCatcher (http://localhost:42761/__cypress/runner/cypress_runner.js:167415:23)\n    at Promise._settlePromiseFromHandler (http://localhost:42761/__cypress/runner/cypress_runner.js:165351:31)\n    at Promise._settlePromise (http://localhost:42761/__cypress/runner/cypress_runner.js:165408:18)\n    at Promise._settlePromise0 (http://localhost:42761/__cypress/runner/cypress_runner.js:165453:10)\n    at Promise._settlePromises (http://localhost:42761/__cypress/runner/cypress_runner.js:165528:18)\n    at Async../node_modules/bluebird/js/release/async.js.Async._drainQueue (http://localhost:42761/__cypress/runner/cypress_runner.js:162140:16)\n    at Async../node_modules/bluebird/js/release/async.js.Async._drainQueues (http://localhost:42761/__cypress/runner/cypress_runner.js:162150:10)\n    at Async.drainQueues (http://localhost:42761/__cypress/runner/cypress_runner.js:162024:14)",
                "diff": null
              },
              "uuid": "5d34582a-b5c9-4f08-9bb0-d59aef5db00a",
              "parentUUID": "8765928b-9d70-49ae-a112-9248cb2a8f49",
              "isHook": false,
              "skipped": false
            }
          ],
          "suites": [],
          "passes": [],
          "failures": [
            "74d01a34-f5b6-43d7-9636-cb44fda1e110",
            "5d34582a-b5c9-4f08-9bb0-d59aef5db00a"
          ],
          "pending": [],
          "skipped": [],
          "duration": 9879,
          "root": false,
          "rootEmpty": false,
          "_timeout": 2000
        },
        {
          "uuid": "7d235d81-9710-4337-8dfd-662a1dc137a5",
          "title": "13 - Crie um input que permita à pessoa usuária preencher um novo tamanho para o quadro de pixels",
          "fullFile": "",
          "file": "",
          "beforeHooks": [],
          "afterHooks": [],
          "tests": [
            {
              "title": "Verifica se existe um input com o id `board-size`",
              "fullTitle": "13 - Crie um input que permita à pessoa usuária preencher um novo tamanho para o quadro de pixels Verifica se existe um input com o id `board-size`",
              "timedOut": null,
              "duration": 6164,
              "state": "failed",
              "speed": null,
              "pass": false,
              "fail": true,
              "pending": false,
              "context": null,
              "code": "cy.get('#board-size').should('be.visible');",
              "err": {
                "message": "CypressError: Timed out retrying: Expected to find element: '#board-size', but never found it.",
                "estack": "CypressError: Timed out retrying: Expected to find element: '#board-size', but never found it.\n    at cypressErr (http://localhost:42761/__cypress/runner/cypress_runner.js:149934:9)\n    at throwErr (http://localhost:42761/__cypress/runner/cypress_runner.js:149867:11)\n    at Object.throwErrByPath (http://localhost:42761/__cypress/runner/cypress_runner.js:149915:3)\n    at retry (http://localhost:42761/__cypress/runner/cypress_runner.js:144197:19)\n    at onFailFn (http://localhost:42761/__cypress/runner/cypress_runner.js:132448:16)\n    at tryCatcher (http://localhost:42761/__cypress/runner/cypress_runner.js:167415:23)\n    at Promise._settlePromiseFromHandler (http://localhost:42761/__cypress/runner/cypress_runner.js:165351:31)\n    at Promise._settlePromise (http://localhost:42761/__cypress/runner/cypress_runner.js:165408:18)\n    at Promise._settlePromise0 (http://localhost:42761/__cypress/runner/cypress_runner.js:165453:10)\n    at Promise._settlePromises (http://localhost:42761/__cypress/runner/cypress_runner.js:165528:18)\n    at Async../node_modules/bluebird/js/release/async.js.Async._drainQueue (http://localhost:42761/__cypress/runner/cypress_runner.js:162140:16)\n    at Async../node_modules/bluebird/js/release/async.js.Async._drainQueues (http://localhost:42761/__cypress/runner/cypress_runner.js:162150:10)\n    at Async.drainQueues (http://localhost:42761/__cypress/runner/cypress_runner.js:162024:14)",
                "diff": null
              },
              "uuid": "55659a3a-b262-4640-94c2-006c94c55bd3",
              "parentUUID": "7d235d81-9710-4337-8dfd-662a1dc137a5",
              "isHook": false,
              "skipped": false
            },
            {
              "title": "Verifica se existe um botão com o id `generate-board`",
              "fullTitle": "13 - Crie um input que permita à pessoa usuária preencher um novo tamanho para o quadro de pixels Verifica se existe um botão com o id `generate-board`",
              "timedOut": null,
              "duration": 6153,
              "state": "failed",
              "speed": null,
              "pass": false,
              "fail": true,
              "pending": false,
              "context": null,
              "code": "cy.get('#generate-board').should('be.visible');",
              "err": {
                "message": "CypressError: Timed out retrying: Expected to find element: '#generate-board', but never found it.",
                "estack": "CypressError: Timed out retrying: Expected to find element: '#generate-board', but never found it.\n    at cypressErr (http://localhost:42761/__cypress/runner/cypress_runner.js:149934:9)\n    at throwErr (http://localhost:42761/__cypress/runner/cypress_runner.js:149867:11)\n    at Object.throwErrByPath (http://localhost:42761/__cypress/runner/cypress_runner.js:149915:3)\n    at retry (http://localhost:42761/__cypress/runner/cypress_runner.js:144197:19)\n    at onFailFn (http://localhost:42761/__cypress/runner/cypress_runner.js:132448:16)\n    at tryCatcher (http://localhost:42761/__cypress/runner/cypress_runner.js:167415:23)\n    at Promise._settlePromiseFromHandler (http://localhost:42761/__cypress/runner/cypress_runner.js:165351:31)\n    at Promise._settlePromise (http://localhost:42761/__cypress/runner/cypress_runner.js:165408:18)\n    at Promise._settlePromise0 (http://localhost:42761/__cypress/runner/cypress_runner.js:165453:10)\n    at Promise._settlePromises (http://localhost:42761/__cypress/runner/cypress_runner.js:165528:18)\n    at Async../node_modules/bluebird/js/release/async.js.Async._drainQueue (http://localhost:42761/__cypress/runner/cypress_runner.js:162140:16)\n    at Async../node_modules/bluebird/js/release/async.js.Async._drainQueues (http://localhost:42761/__cypress/runner/cypress_runner.js:162150:10)\n    at Async.drainQueues (http://localhost:42761/__cypress/runner/cypress_runner.js:162024:14)",
                "diff": null
              },
              "uuid": "64973aea-49ee-4e01-b061-44b2e57e978d",
              "parentUUID": "7d235d81-9710-4337-8dfd-662a1dc137a5",
              "isHook": false,
              "skipped": false
            },
            {
              "title": "Verifica se o input só aceita número maiores que zero. Essa restrição deve ser feita usando os atributos do elemento `input`",
              "fullTitle": "13 - Crie um input que permita à pessoa usuária preencher um novo tamanho para o quadro de pixels Verifica se o input só aceita número maiores que zero. Essa restrição deve ser feita usando os atributos do elemento `input`",
              "timedOut": null,
              "duration": 6118,
              "state": "failed",
              "speed": null,
              "pass": false,
              "fail": true,
              "pending": false,
              "context": null,
              "code": "cy.get('#board-size[type=\\'number\\'][min=\\'1\\']');",
              "err": {
                "message": "CypressError: Timed out retrying: Expected to find element: '#board-size[type='number'][min='1']', but never found it.",
                "estack": "CypressError: Timed out retrying: Expected to find element: '#board-size[type='number'][min='1']', but never found it.\n    at cypressErr (http://localhost:42761/__cypress/runner/cypress_runner.js:149934:9)\n    at throwErr (http://localhost:42761/__cypress/runner/cypress_runner.js:149867:11)\n    at Object.throwErrByPath (http://localhost:42761/__cypress/runner/cypress_runner.js:149915:3)\n    at retry (http://localhost:42761/__cypress/runner/cypress_runner.js:144197:19)\n    at onFailFn (http://localhost:42761/__cypress/runner/cypress_runner.js:132448:16)\n    at tryCatcher (http://localhost:42761/__cypress/runner/cypress_runner.js:167415:23)\n    at Promise._settlePromiseFromHandler (http://localhost:42761/__cypress/runner/cypress_runner.js:165351:31)\n    at Promise._settlePromise (http://localhost:42761/__cypress/runner/cypress_runner.js:165408:18)\n    at Promise._settlePromise0 (http://localhost:42761/__cypress/runner/cypress_runner.js:165453:10)\n    at Promise._settlePromises (http://localhost:42761/__cypress/runner/cypress_runner.js:165528:18)\n    at Async../node_modules/bluebird/js/release/async.js.Async._drainQueue (http://localhost:42761/__cypress/runner/cypress_runner.js:162140:16)\n    at Async../node_modules/bluebird/js/release/async.js.Async._drainQueues (http://localhost:42761/__cypress/runner/cypress_runner.js:162150:10)\n    at Async.drainQueues (http://localhost:42761/__cypress/runner/cypress_runner.js:162024:14)",
                "diff": null
              },
              "uuid": "c278c8d7-0fa6-457f-a7d5-3726df292151",
              "parentUUID": "7d235d81-9710-4337-8dfd-662a1dc137a5",
              "isHook": false,
              "skipped": false
            },
            {
              "title": "Verifica se o botão contém o texto 'VQV'",
              "fullTitle": "13 - Crie um input que permita à pessoa usuária preencher um novo tamanho para o quadro de pixels Verifica se o botão contém o texto 'VQV'",
              "timedOut": null,
              "duration": 6309,
              "state": "failed",
              "speed": null,
              "pass": false,
              "fail": true,
              "pending": false,
              "context": null,
              "code": "cy.get('#generate-board').contains(/vqv/i);",
              "err": {
                "message": "CypressError: Timed out retrying: Expected to find element: '#generate-board', but never found it.",
                "estack": "CypressError: Timed out retrying: Expected to find element: '#generate-board', but never found it.\n    at cypressErr (http://localhost:42761/__cypress/runner/cypress_runner.js:149934:9)\n    at throwErr (http://localhost:42761/__cypress/runner/cypress_runner.js:149867:11)\n    at Object.throwErrByPath (http://localhost:42761/__cypress/runner/cypress_runner.js:149915:3)\n    at retry (http://localhost:42761/__cypress/runner/cypress_runner.js:144197:19)\n    at onFailFn (http://localhost:42761/__cypress/runner/cypress_runner.js:132448:16)\n    at tryCatcher (http://localhost:42761/__cypress/runner/cypress_runner.js:167415:23)\n    at Promise._settlePromiseFromHandler (http://localhost:42761/__cypress/runner/cypress_runner.js:165351:31)\n    at Promise._settlePromise (http://localhost:42761/__cypress/runner/cypress_runner.js:165408:18)\n    at Promise._settlePromise0 (http://localhost:42761/__cypress/runner/cypress_runner.js:165453:10)\n    at Promise._settlePromises (http://localhost:42761/__cypress/runner/cypress_runner.js:165528:18)\n    at Async../node_modules/bluebird/js/release/async.js.Async._drainQueue (http://localhost:42761/__cypress/runner/cypress_runner.js:162140:16)\n    at Async../node_modules/bluebird/js/release/async.js.Async._drainQueues (http://localhost:42761/__cypress/runner/cypress_runner.js:162150:10)\n    at Async.drainQueues (http://localhost:42761/__cypress/runner/cypress_runner.js:162024:14)",
                "diff": null
              },
              "uuid": "21d267b3-ed71-48e6-ab98-71b639ab1b83",
              "parentUUID": "7d235d81-9710-4337-8dfd-662a1dc137a5",
              "isHook": false,
              "skipped": false
            },
            {
              "title": "Verifica se o input está posicionado entre a paleta de cores e o quadro de pixels",
              "fullTitle": "13 - Crie um input que permita à pessoa usuária preencher um novo tamanho para o quadro de pixels Verifica se o input está posicionado entre a paleta de cores e o quadro de pixels",
              "timedOut": null,
              "duration": 5892,
              "state": "failed",
              "speed": null,
              "pass": false,
              "fail": true,
              "pending": false,
              "context": null,
              "code": "cy.get('#color-palette').then(function (palette) {\n  cy.get('#board-size').should('be.belowOf', palette);\n});\ncy.get('#board-size').then(function (palette) {\n  cy.get('#pixel-board').should('be.belowOf', palette);\n});",
              "err": {
                "message": "CypressError: Timed out retrying: Expected to find element: '#board-size', but never found it.",
                "estack": "CypressError: Timed out retrying: Expected to find element: '#board-size', but never found it.\n    at cypressErr (http://localhost:42761/__cypress/runner/cypress_runner.js:149934:9)\n    at throwErr (http://localhost:42761/__cypress/runner/cypress_runner.js:149867:11)\n    at Object.throwErrByPath (http://localhost:42761/__cypress/runner/cypress_runner.js:149915:3)\n    at retry (http://localhost:42761/__cypress/runner/cypress_runner.js:144197:19)\n    at onFailFn (http://localhost:42761/__cypress/runner/cypress_runner.js:132448:16)\n    at tryCatcher (http://localhost:42761/__cypress/runner/cypress_runner.js:167415:23)\n    at Promise._settlePromiseFromHandler (http://localhost:42761/__cypress/runner/cypress_runner.js:165351:31)\n    at Promise._settlePromise (http://localhost:42761/__cypress/runner/cypress_runner.js:165408:18)\n    at Promise._settlePromise0 (http://localhost:42761/__cypress/runner/cypress_runner.js:165453:10)\n    at Promise._settlePromises (http://localhost:42761/__cypress/runner/cypress_runner.js:165528:18)\n    at Async../node_modules/bluebird/js/release/async.js.Async._drainQueue (http://localhost:42761/__cypress/runner/cypress_runner.js:162140:16)\n    at Async../node_modules/bluebird/js/release/async.js.Async._drainQueues (http://localhost:42761/__cypress/runner/cypress_runner.js:162150:10)\n    at Async.drainQueues (http://localhost:42761/__cypress/runner/cypress_runner.js:162024:14)",
                "diff": null
              },
              "uuid": "cc4c004f-2590-45e2-a9f8-95c885322b9d",
              "parentUUID": "7d235d81-9710-4337-8dfd-662a1dc137a5",
              "isHook": false,
              "skipped": false
            },
            {
              "title": "Verifica se o botão está posicionado ao lado do input",
              "fullTitle": "13 - Crie um input que permita à pessoa usuária preencher um novo tamanho para o quadro de pixels Verifica se o botão está posicionado ao lado do input",
              "timedOut": null,
              "duration": 5647,
              "state": "failed",
              "speed": null,
              "pass": false,
              "fail": true,
              "pending": false,
              "context": null,
              "code": "cy.get('#board-size').then(function (board) {\n  cy.get('#generate-board').should('be.onTheRightOf', board);\n});",
              "err": {
                "message": "CypressError: Timed out retrying: Expected to find element: '#board-size', but never found it.",
                "estack": "CypressError: Timed out retrying: Expected to find element: '#board-size', but never found it.\n    at cypressErr (http://localhost:42761/__cypress/runner/cypress_runner.js:149934:9)\n    at throwErr (http://localhost:42761/__cypress/runner/cypress_runner.js:149867:11)\n    at Object.throwErrByPath (http://localhost:42761/__cypress/runner/cypress_runner.js:149915:3)\n    at retry (http://localhost:42761/__cypress/runner/cypress_runner.js:144197:19)\n    at onFailFn (http://localhost:42761/__cypress/runner/cypress_runner.js:132448:16)\n    at tryCatcher (http://localhost:42761/__cypress/runner/cypress_runner.js:167415:23)\n    at Promise._settlePromiseFromHandler (http://localhost:42761/__cypress/runner/cypress_runner.js:165351:31)\n    at Promise._settlePromise (http://localhost:42761/__cypress/runner/cypress_runner.js:165408:18)\n    at Promise._settlePromise0 (http://localhost:42761/__cypress/runner/cypress_runner.js:165453:10)\n    at Promise._settlePromises (http://localhost:42761/__cypress/runner/cypress_runner.js:165528:18)\n    at Async../node_modules/bluebird/js/release/async.js.Async._drainQueue (http://localhost:42761/__cypress/runner/cypress_runner.js:162140:16)\n    at Async../node_modules/bluebird/js/release/async.js.Async._drainQueues (http://localhost:42761/__cypress/runner/cypress_runner.js:162150:10)\n    at Async.drainQueues (http://localhost:42761/__cypress/runner/cypress_runner.js:162024:14)",
                "diff": null
              },
              "uuid": "3619052c-d686-4086-b56f-06b697f61e41",
              "parentUUID": "7d235d81-9710-4337-8dfd-662a1dc137a5",
              "isHook": false,
              "skipped": false
            },
            {
              "title": "Verifica se nenhum valor for colocado no input ao clicar no botão, um `alert` é exibido com o texto: 'Board inválido!'",
              "fullTitle": "13 - Crie um input que permita à pessoa usuária preencher um novo tamanho para o quadro de pixels Verifica se nenhum valor for colocado no input ao clicar no botão, um `alert` é exibido com o texto: 'Board inválido!'",
              "timedOut": null,
              "duration": 5725,
              "state": "failed",
              "speed": null,
              "pass": false,
              "fail": true,
              "pending": false,
              "context": null,
              "code": "var alerted = false;\ncy.on('window:alert', function (msg) {\n  return alerted = msg;\n});\ncy.get('#generate-board').click().then(function () {\n  return expect(alerted).to.match(/Board inválido!/i);\n});",
              "err": {
                "message": "CypressError: Timed out retrying: Expected to find element: '#generate-board', but never found it.",
                "estack": "CypressError: Timed out retrying: Expected to find element: '#generate-board', but never found it.\n    at cypressErr (http://localhost:42761/__cypress/runner/cypress_runner.js:149934:9)\n    at throwErr (http://localhost:42761/__cypress/runner/cypress_runner.js:149867:11)\n    at Object.throwErrByPath (http://localhost:42761/__cypress/runner/cypress_runner.js:149915:3)\n    at retry (http://localhost:42761/__cypress/runner/cypress_runner.js:144197:19)\n    at onFailFn (http://localhost:42761/__cypress/runner/cypress_runner.js:132448:16)\n    at tryCatcher (http://localhost:42761/__cypress/runner/cypress_runner.js:167415:23)\n    at Promise._settlePromiseFromHandler (http://localhost:42761/__cypress/runner/cypress_runner.js:165351:31)\n    at Promise._settlePromise (http://localhost:42761/__cypress/runner/cypress_runner.js:165408:18)\n    at Promise._settlePromise0 (http://localhost:42761/__cypress/runner/cypress_runner.js:165453:10)\n    at Promise._settlePromises (http://localhost:42761/__cypress/runner/cypress_runner.js:165528:18)\n    at Async../node_modules/bluebird/js/release/async.js.Async._drainQueue (http://localhost:42761/__cypress/runner/cypress_runner.js:162140:16)\n    at Async../node_modules/bluebird/js/release/async.js.Async._drainQueues (http://localhost:42761/__cypress/runner/cypress_runner.js:162150:10)\n    at Async.drainQueues (http://localhost:42761/__cypress/runner/cypress_runner.js:162024:14)",
                "diff": null
              },
              "uuid": "8bc703ac-e514-4aba-97c2-8b6fe73392c2",
              "parentUUID": "7d235d81-9710-4337-8dfd-662a1dc137a5",
              "isHook": false,
              "skipped": false
            },
            {
              "title": "Verifica se ao clicar no botão com um valor preenchido, o tamanho do board muda.",
              "fullTitle": "13 - Crie um input que permita à pessoa usuária preencher um novo tamanho para o quadro de pixels Verifica se ao clicar no botão com um valor preenchido, o tamanho do board muda.",
              "timedOut": null,
              "duration": 5739,
              "state": "failed",
              "speed": null,
              "pass": false,
              "fail": true,
              "pending": false,
              "context": null,
              "code": "cy.get('#board-size').clear().type(10);\ncy.get('#generate-board').click();\ncy.get('.pixel').should('have.length', 100);",
              "err": {
                "message": "CypressError: Timed out retrying: Expected to find element: '#board-size', but never found it.",
                "estack": "CypressError: Timed out retrying: Expected to find element: '#board-size', but never found it.\n    at cypressErr (http://localhost:42761/__cypress/runner/cypress_runner.js:149934:9)\n    at throwErr (http://localhost:42761/__cypress/runner/cypress_runner.js:149867:11)\n    at Object.throwErrByPath (http://localhost:42761/__cypress/runner/cypress_runner.js:149915:3)\n    at retry (http://localhost:42761/__cypress/runner/cypress_runner.js:144197:19)\n    at onFailFn (http://localhost:42761/__cypress/runner/cypress_runner.js:132448:16)\n    at tryCatcher (http://localhost:42761/__cypress/runner/cypress_runner.js:167415:23)\n    at Promise._settlePromiseFromHandler (http://localhost:42761/__cypress/runner/cypress_runner.js:165351:31)\n    at Promise._settlePromise (http://localhost:42761/__cypress/runner/cypress_runner.js:165408:18)\n    at Promise._settlePromise0 (http://localhost:42761/__cypress/runner/cypress_runner.js:165453:10)\n    at Promise._settlePromises (http://localhost:42761/__cypress/runner/cypress_runner.js:165528:18)\n    at Async../node_modules/bluebird/js/release/async.js.Async._drainQueue (http://localhost:42761/__cypress/runner/cypress_runner.js:162140:16)\n    at Async../node_modules/bluebird/js/release/async.js.Async._drainQueues (http://localhost:42761/__cypress/runner/cypress_runner.js:162150:10)\n    at Async.drainQueues (http://localhost:42761/__cypress/runner/cypress_runner.js:162024:14)",
                "diff": null
              },
              "uuid": "2c10ba49-13ca-4c80-a487-b2fd96591ebe",
              "parentUUID": "7d235d81-9710-4337-8dfd-662a1dc137a5",
              "isHook": false,
              "skipped": false
            },
            {
              "title": "Verifica se o novo quadro tem todos os pixels preenchidos com a cor branca",
              "fullTitle": "13 - Crie um input que permita à pessoa usuária preencher um novo tamanho para o quadro de pixels Verifica se o novo quadro tem todos os pixels preenchidos com a cor branca",
              "timedOut": null,
              "duration": 5961,
              "state": "failed",
              "speed": null,
              "pass": false,
              "fail": true,
              "pending": false,
              "context": null,
              "code": "cy.get('#board-size').clear().type(6);\ncy.get('#generate-board').click();\ncy.get('.pixel').should('have.length', 36).each(function (pixel) {\n  expect(pixel).to.have.css('background-color', WHITE);\n});",
              "err": {
                "message": "CypressError: Timed out retrying: Expected to find element: '#board-size', but never found it.",
                "estack": "CypressError: Timed out retrying: Expected to find element: '#board-size', but never found it.\n    at cypressErr (http://localhost:42761/__cypress/runner/cypress_runner.js:149934:9)\n    at throwErr (http://localhost:42761/__cypress/runner/cypress_runner.js:149867:11)\n    at Object.throwErrByPath (http://localhost:42761/__cypress/runner/cypress_runner.js:149915:3)\n    at retry (http://localhost:42761/__cypress/runner/cypress_runner.js:144197:19)\n    at onFailFn (http://localhost:42761/__cypress/runner/cypress_runner.js:132448:16)\n    at tryCatcher (http://localhost:42761/__cypress/runner/cypress_runner.js:167415:23)\n    at Promise._settlePromiseFromHandler (http://localhost:42761/__cypress/runner/cypress_runner.js:165351:31)\n    at Promise._settlePromise (http://localhost:42761/__cypress/runner/cypress_runner.js:165408:18)\n    at Promise._settlePromise0 (http://localhost:42761/__cypress/runner/cypress_runner.js:165453:10)\n    at Promise._settlePromises (http://localhost:42761/__cypress/runner/cypress_runner.js:165528:18)\n    at Async../node_modules/bluebird/js/release/async.js.Async._drainQueue (http://localhost:42761/__cypress/runner/cypress_runner.js:162140:16)\n    at Async../node_modules/bluebird/js/release/async.js.Async._drainQueues (http://localhost:42761/__cypress/runner/cypress_runner.js:162150:10)\n    at Async.drainQueues (http://localhost:42761/__cypress/runner/cypress_runner.js:162024:14)",
                "diff": null
              },
              "uuid": "5957e4e1-2e79-442e-bbaf-132cf7c77d41",
              "parentUUID": "7d235d81-9710-4337-8dfd-662a1dc137a5",
              "isHook": false,
              "skipped": false
            }
          ],
          "suites": [],
          "passes": [],
          "failures": [
            "55659a3a-b262-4640-94c2-006c94c55bd3",
            "64973aea-49ee-4e01-b061-44b2e57e978d",
            "c278c8d7-0fa6-457f-a7d5-3726df292151",
            "21d267b3-ed71-48e6-ab98-71b639ab1b83",
            "cc4c004f-2590-45e2-a9f8-95c885322b9d",
            "3619052c-d686-4086-b56f-06b697f61e41",
            "8bc703ac-e514-4aba-97c2-8b6fe73392c2",
            "2c10ba49-13ca-4c80-a487-b2fd96591ebe",
            "5957e4e1-2e79-442e-bbaf-132cf7c77d41"
          ],
          "pending": [],
          "skipped": [],
          "duration": 53708,
          "root": false,
          "rootEmpty": false,
          "_timeout": 2000
        },
        {
          "uuid": "c7b4fc75-0117-42e7-9886-0580d140939a",
          "title": "14 - Crie uma função que limite o tamanho mínimo e máximo do quadro de pixels",
          "fullFile": "",
          "file": "",
          "beforeHooks": [],
          "afterHooks": [],
          "tests": [
            {
              "title": "Verifica se a altura máxima do board é 50",
              "fullTitle": "14 - Crie uma função que limite o tamanho mínimo e máximo do quadro de pixels Verifica se a altura máxima do board é 50",
              "timedOut": null,
              "duration": 5498,
              "state": "failed",
              "speed": null,
              "pass": false,
              "fail": true,
              "pending": false,
              "context": null,
              "code": "cy.get('#board-size').clear().type(50);\ncy.get('#generate-board').click();\ncy.get('.pixel').should('have.length', 2500);",
              "err": {
                "message": "CypressError: Timed out retrying: Expected to find element: '#board-size', but never found it.",
                "estack": "CypressError: Timed out retrying: Expected to find element: '#board-size', but never found it.\n    at cypressErr (http://localhost:42761/__cypress/runner/cypress_runner.js:149934:9)\n    at throwErr (http://localhost:42761/__cypress/runner/cypress_runner.js:149867:11)\n    at Object.throwErrByPath (http://localhost:42761/__cypress/runner/cypress_runner.js:149915:3)\n    at retry (http://localhost:42761/__cypress/runner/cypress_runner.js:144197:19)\n    at onFailFn (http://localhost:42761/__cypress/runner/cypress_runner.js:132448:16)\n    at tryCatcher (http://localhost:42761/__cypress/runner/cypress_runner.js:167415:23)\n    at Promise._settlePromiseFromHandler (http://localhost:42761/__cypress/runner/cypress_runner.js:165351:31)\n    at Promise._settlePromise (http://localhost:42761/__cypress/runner/cypress_runner.js:165408:18)\n    at Promise._settlePromise0 (http://localhost:42761/__cypress/runner/cypress_runner.js:165453:10)\n    at Promise._settlePromises (http://localhost:42761/__cypress/runner/cypress_runner.js:165528:18)\n    at Async../node_modules/bluebird/js/release/async.js.Async._drainQueue (http://localhost:42761/__cypress/runner/cypress_runner.js:162140:16)\n    at Async../node_modules/bluebird/js/release/async.js.Async._drainQueues (http://localhost:42761/__cypress/runner/cypress_runner.js:162150:10)\n    at Async.drainQueues (http://localhost:42761/__cypress/runner/cypress_runner.js:162024:14)",
                "diff": null
              },
              "uuid": "e5e9992e-f9c5-4004-bbe5-fdce1e0b8493",
              "parentUUID": "c7b4fc75-0117-42e7-9886-0580d140939a",
              "isHook": false,
              "skipped": false
            },
            {
              "title": "Verifica se a altura do board é 5 quando um valor menor é colocado no input",
              "fullTitle": "14 - Crie uma função que limite o tamanho mínimo e máximo do quadro de pixels Verifica se a altura do board é 5 quando um valor menor é colocado no input",
              "timedOut": null,
              "duration": 5556,
              "state": "failed",
              "speed": null,
              "pass": false,
              "fail": true,
              "pending": false,
              "context": null,
              "code": "cy.get('#board-size').clear().type(4);\ncy.get('#generate-board').click();\ncy.get('.pixel').should('have.length', 25);",
              "err": {
                "message": "CypressError: Timed out retrying: Expected to find element: '#board-size', but never found it.",
                "estack": "CypressError: Timed out retrying: Expected to find element: '#board-size', but never found it.\n    at cypressErr (http://localhost:42761/__cypress/runner/cypress_runner.js:149934:9)\n    at throwErr (http://localhost:42761/__cypress/runner/cypress_runner.js:149867:11)\n    at Object.throwErrByPath (http://localhost:42761/__cypress/runner/cypress_runner.js:149915:3)\n    at retry (http://localhost:42761/__cypress/runner/cypress_runner.js:144197:19)\n    at onFailFn (http://localhost:42761/__cypress/runner/cypress_runner.js:132448:16)\n    at tryCatcher (http://localhost:42761/__cypress/runner/cypress_runner.js:167415:23)\n    at Promise._settlePromiseFromHandler (http://localhost:42761/__cypress/runner/cypress_runner.js:165351:31)\n    at Promise._settlePromise (http://localhost:42761/__cypress/runner/cypress_runner.js:165408:18)\n    at Promise._settlePromise0 (http://localhost:42761/__cypress/runner/cypress_runner.js:165453:10)\n    at Promise._settlePromises (http://localhost:42761/__cypress/runner/cypress_runner.js:165528:18)\n    at Async../node_modules/bluebird/js/release/async.js.Async._drainQueue (http://localhost:42761/__cypress/runner/cypress_runner.js:162140:16)\n    at Async../node_modules/bluebird/js/release/async.js.Async._drainQueues (http://localhost:42761/__cypress/runner/cypress_runner.js:162150:10)\n    at Async.drainQueues (http://localhost:42761/__cypress/runner/cypress_runner.js:162024:14)",
                "diff": null
              },
              "uuid": "7fc64bd1-165f-43b9-a32c-9ed24f572fd7",
              "parentUUID": "c7b4fc75-0117-42e7-9886-0580d140939a",
              "isHook": false,
              "skipped": false
            },
            {
              "title": "Verifica se a altura do board é 50 quando um valor maior é colocado no input",
              "fullTitle": "14 - Crie uma função que limite o tamanho mínimo e máximo do quadro de pixels Verifica se a altura do board é 50 quando um valor maior é colocado no input",
              "timedOut": null,
              "duration": 5336,
              "state": "failed",
              "speed": null,
              "pass": false,
              "fail": true,
              "pending": false,
              "context": null,
              "code": "cy.get('#board-size').clear().type(51);\ncy.get('#generate-board').click();\ncy.get('.pixel').should('have.length', 2500);",
              "err": {
                "message": "CypressError: Timed out retrying: Expected to find element: '#board-size', but never found it.",
                "estack": "CypressError: Timed out retrying: Expected to find element: '#board-size', but never found it.\n    at cypressErr (http://localhost:42761/__cypress/runner/cypress_runner.js:149934:9)\n    at throwErr (http://localhost:42761/__cypress/runner/cypress_runner.js:149867:11)\n    at Object.throwErrByPath (http://localhost:42761/__cypress/runner/cypress_runner.js:149915:3)\n    at retry (http://localhost:42761/__cypress/runner/cypress_runner.js:144197:19)\n    at onFailFn (http://localhost:42761/__cypress/runner/cypress_runner.js:132448:16)\n    at tryCatcher (http://localhost:42761/__cypress/runner/cypress_runner.js:167415:23)\n    at Promise._settlePromiseFromHandler (http://localhost:42761/__cypress/runner/cypress_runner.js:165351:31)\n    at Promise._settlePromise (http://localhost:42761/__cypress/runner/cypress_runner.js:165408:18)\n    at Promise._settlePromise0 (http://localhost:42761/__cypress/runner/cypress_runner.js:165453:10)\n    at Promise._settlePromises (http://localhost:42761/__cypress/runner/cypress_runner.js:165528:18)\n    at Async../node_modules/bluebird/js/release/async.js.Async._drainQueue (http://localhost:42761/__cypress/runner/cypress_runner.js:162140:16)\n    at Async../node_modules/bluebird/js/release/async.js.Async._drainQueues (http://localhost:42761/__cypress/runner/cypress_runner.js:162150:10)\n    at Async.drainQueues (http://localhost:42761/__cypress/runner/cypress_runner.js:162024:14)",
                "diff": null
              },
              "uuid": "137ccc9c-083d-470d-8e7f-db37ae863f5c",
              "parentUUID": "c7b4fc75-0117-42e7-9886-0580d140939a",
              "isHook": false,
              "skipped": false
            }
          ],
          "suites": [],
          "passes": [],
          "failures": [
            "e5e9992e-f9c5-4004-bbe5-fdce1e0b8493",
            "7fc64bd1-165f-43b9-a32c-9ed24f572fd7",
            "137ccc9c-083d-470d-8e7f-db37ae863f5c"
          ],
          "pending": [],
          "skipped": [],
          "duration": 16390,
          "root": false,
          "rootEmpty": false,
          "_timeout": 2000
        },
        {
          "uuid": "4ab02fc0-4b74-4d15-b551-95a99915fbff",
          "title": "15 - Crie uma função para manter o tamanho novo do board ao recarregar a página",
          "fullFile": "",
          "file": "",
          "beforeHooks": [],
          "afterHooks": [],
          "tests": [
            {
              "title": "O tamanho do board gerado deve ser salvo no localStorage com a chave `boardSize`",
              "fullTitle": "15 - Crie uma função para manter o tamanho novo do board ao recarregar a página O tamanho do board gerado deve ser salvo no localStorage com a chave `boardSize`",
              "timedOut": null,
              "duration": 5328,
              "state": "failed",
              "speed": null,
              "pass": false,
              "fail": true,
              "pending": false,
              "context": null,
              "code": "cy.get('#board-size').clear().type(6);\ncy.get('#generate-board').click();\ncy.reload().then(function () {\n  var boardSize = JSON.parse(localStorage.getItem('boardSize'));\n  expect(boardSize).to.not.equal(null);\n});",
              "err": {
                "message": "CypressError: Timed out retrying: Expected to find element: '#board-size', but never found it.",
                "estack": "CypressError: Timed out retrying: Expected to find element: '#board-size', but never found it.\n    at cypressErr (http://localhost:42761/__cypress/runner/cypress_runner.js:149934:9)\n    at throwErr (http://localhost:42761/__cypress/runner/cypress_runner.js:149867:11)\n    at Object.throwErrByPath (http://localhost:42761/__cypress/runner/cypress_runner.js:149915:3)\n    at retry (http://localhost:42761/__cypress/runner/cypress_runner.js:144197:19)\n    at onFailFn (http://localhost:42761/__cypress/runner/cypress_runner.js:132448:16)\n    at tryCatcher (http://localhost:42761/__cypress/runner/cypress_runner.js:167415:23)\n    at Promise._settlePromiseFromHandler (http://localhost:42761/__cypress/runner/cypress_runner.js:165351:31)\n    at Promise._settlePromise (http://localhost:42761/__cypress/runner/cypress_runner.js:165408:18)\n    at Promise._settlePromise0 (http://localhost:42761/__cypress/runner/cypress_runner.js:165453:10)\n    at Promise._settlePromises (http://localhost:42761/__cypress/runner/cypress_runner.js:165528:18)\n    at Async../node_modules/bluebird/js/release/async.js.Async._drainQueue (http://localhost:42761/__cypress/runner/cypress_runner.js:162140:16)\n    at Async../node_modules/bluebird/js/release/async.js.Async._drainQueues (http://localhost:42761/__cypress/runner/cypress_runner.js:162150:10)\n    at Async.drainQueues (http://localhost:42761/__cypress/runner/cypress_runner.js:162024:14)",
                "diff": null
              },
              "uuid": "35f44850-23ad-4b42-ba6b-bd574ea661ae",
              "parentUUID": "4ab02fc0-4b74-4d15-b551-95a99915fbff",
              "isHook": false,
              "skipped": false
            },
            {
              "title": "O quadro deve ter o mesmo tamanho gerado ao recarregar a página.",
              "fullTitle": "15 - Crie uma função para manter o tamanho novo do board ao recarregar a página O quadro deve ter o mesmo tamanho gerado ao recarregar a página.",
              "timedOut": null,
              "duration": 5582,
              "state": "failed",
              "speed": null,
              "pass": false,
              "fail": true,
              "pending": false,
              "context": null,
              "code": "cy.get('#board-size').clear().type(6);\ncy.get('#generate-board').click();\ncy.reload();\ncy.get('.pixel').should('have.length', 36);",
              "err": {
                "message": "CypressError: Timed out retrying: Expected to find element: '#board-size', but never found it.",
                "estack": "CypressError: Timed out retrying: Expected to find element: '#board-size', but never found it.\n    at cypressErr (http://localhost:42761/__cypress/runner/cypress_runner.js:149934:9)\n    at throwErr (http://localhost:42761/__cypress/runner/cypress_runner.js:149867:11)\n    at Object.throwErrByPath (http://localhost:42761/__cypress/runner/cypress_runner.js:149915:3)\n    at retry (http://localhost:42761/__cypress/runner/cypress_runner.js:144197:19)\n    at onFailFn (http://localhost:42761/__cypress/runner/cypress_runner.js:132448:16)\n    at tryCatcher (http://localhost:42761/__cypress/runner/cypress_runner.js:167415:23)\n    at Promise._settlePromiseFromHandler (http://localhost:42761/__cypress/runner/cypress_runner.js:165351:31)\n    at Promise._settlePromise (http://localhost:42761/__cypress/runner/cypress_runner.js:165408:18)\n    at Promise._settlePromise0 (http://localhost:42761/__cypress/runner/cypress_runner.js:165453:10)\n    at Promise._settlePromises (http://localhost:42761/__cypress/runner/cypress_runner.js:165528:18)\n    at Async../node_modules/bluebird/js/release/async.js.Async._drainQueue (http://localhost:42761/__cypress/runner/cypress_runner.js:162140:16)\n    at Async../node_modules/bluebird/js/release/async.js.Async._drainQueues (http://localhost:42761/__cypress/runner/cypress_runner.js:162150:10)\n    at Async.drainQueues (http://localhost:42761/__cypress/runner/cypress_runner.js:162024:14)",
                "diff": null
              },
              "uuid": "a700fab1-3506-44b6-b665-922d19e9ac2b",
              "parentUUID": "4ab02fc0-4b74-4d15-b551-95a99915fbff",
              "isHook": false,
              "skipped": false
            }
          ],
          "suites": [],
          "passes": [],
          "failures": [
            "35f44850-23ad-4b42-ba6b-bd574ea661ae",
            "a700fab1-3506-44b6-b665-922d19e9ac2b"
          ],
          "pending": [],
          "skipped": [],
          "duration": 10910,
          "root": false,
          "rootEmpty": false,
          "_timeout": 2000
        }
      ],
      "passes": [],
      "failures": [],
      "pending": [],
      "skipped": [],
      "duration": 0,
      "root": true,
      "rootEmpty": true,
      "_timeout": 2000
    }
  ],
  "meta": {
    "mocha": {
      "version": "7.0.1"
    },
    "mochawesome": {
      "options": {
        "quiet": false,
        "reportFilename": "mochawesome",
        "saveHtml": false,
        "saveJson": true,
        "consoleReporter": "spec",
        "useInlineDiffs": false
      },
      "version": "4.1.0"
    },
    "marge": {
      "options": {
        "id": "default",
        "reportDir": "cypress/reports",
        "overwrite": true,
        "html": false,
        "json": true
      },
      "version": "4.1.0"
    }
  }
}